<?xml version="1.0" encoding="UTF-8"?>
<robot generator="Robot 3.1.2 (Python 3.8.2 on win32)" generated="20200409 10:09:26.883" rpa="false">
<suite id="s1" name="Automationpractice" source="C:\qaninja\robot\loja virtual\tests\automationpractice.robot">
<test id="s1-t1" name="Caso de Teste 01">
<kw name="Nova sessão" library="Resource" type="setup">
<kw name="Open Browser" library="SeleniumLibrary">
<doc>Opens a new browser instance to the optional ``url``.</doc>
<arguments>
<arg>${url}</arg>
<arg>chrome</arg>
</arguments>
<msg timestamp="20200409 10:09:27.898" level="INFO">Opening browser 'chrome' to base url 'http://automationpractice.com'.</msg>
<status status="PASS" starttime="20200409 10:09:27.897" endtime="20200409 10:09:40.249"></status>
</kw>
<status status="PASS" starttime="20200409 10:09:27.897" endtime="20200409 10:09:40.249"></status>
</kw>
<kw name="Cadastrar novo usuário" library="criar_usuario">
<kw name="Email" library="FakerLibrary">
<assign>
<var>${email}</var>
</assign>
<msg timestamp="20200409 10:09:40.253" level="INFO">${email} = amysmith@powers-brown.com</msg>
<status status="PASS" starttime="20200409 10:09:40.251" endtime="20200409 10:09:40.253"></status>
</kw>
<kw name="First Name" library="FakerLibrary">
<assign>
<var>${first_name}</var>
</assign>
<msg timestamp="20200409 10:09:40.254" level="INFO">${first_name} = Tammy</msg>
<status status="PASS" starttime="20200409 10:09:40.253" endtime="20200409 10:09:40.254"></status>
</kw>
<kw name="Last Name" library="FakerLibrary">
<assign>
<var>${last_name}</var>
</assign>
<msg timestamp="20200409 10:09:40.255" level="INFO">${last_name} = Davis</msg>
<status status="PASS" starttime="20200409 10:09:40.254" endtime="20200409 10:09:40.255"></status>
</kw>
<kw name="Numerify" library="FakerLibrary">
<doc>Replaces all placeholders in given text with randomized values,
replacing: all hash sign ('#') occurrences with a random digit
(from 0 to 9); all percentage sign ('%') occurrences with a
random non-zero digit (from 1 to 9); all exclamation mark ('!')
occurrences with a random digit (from 0 to 9) or an empty string;
and all at symbol ('@') occurrences with a random non-zero digit
(from 1 to 9) or an empty string.</doc>
<arguments>
<arg>+%%-%%%%-%%%%</arg>
</arguments>
<assign>
<var>${phone_number}</var>
</assign>
<msg timestamp="20200409 10:09:40.256" level="INFO">${phone_number} = +52-5724-8734</msg>
<status status="PASS" starttime="20200409 10:09:40.255" endtime="20200409 10:09:40.256"></status>
</kw>
<kw name="Street Address" library="FakerLibrary">
<doc>:example '791 Crist Parks'</doc>
<assign>
<var>${address}</var>
</assign>
<msg timestamp="20200409 10:09:40.257" level="INFO">${address} = 0184 Makayla Field Suite 151</msg>
<status status="PASS" starttime="20200409 10:09:40.256" endtime="20200409 10:09:40.257"></status>
</kw>
<kw name="City" library="FakerLibrary">
<doc>:example 'Sashabury'</doc>
<assign>
<var>${city}</var>
</assign>
<msg timestamp="20200409 10:09:40.257" level="INFO">${city} = Sabrinaland</msg>
<status status="PASS" starttime="20200409 10:09:40.257" endtime="20200409 10:09:40.257"></status>
</kw>
<kw name="Zipcode" library="FakerLibrary">
<assign>
<var>${zipcode}</var>
</assign>
<msg timestamp="20200409 10:09:40.258" level="INFO">${zipcode} = 68270</msg>
<status status="PASS" starttime="20200409 10:09:40.258" endtime="20200409 10:09:40.258"></status>
</kw>
<kw name="Click Element" library="SeleniumLibrary">
<doc>Click the element identified by ``locator``.</doc>
<arguments>
<arg>class:login</arg>
</arguments>
<msg timestamp="20200409 10:09:40.258" level="INFO">Clicking element 'class:login'.</msg>
<status status="PASS" starttime="20200409 10:09:40.258" endtime="20200409 10:09:42.071"></status>
</kw>
<kw name="Page Should Contain" library="SeleniumLibrary">
<doc>Verifies that current page contains ``text``.</doc>
<arguments>
<arg>Create an account</arg>
</arguments>
<msg timestamp="20200409 10:09:42.571" level="INFO">Current page contains text 'Create an account'.</msg>
<status status="PASS" starttime="20200409 10:09:42.072" endtime="20200409 10:09:42.571"></status>
</kw>
<kw name="Input Text" library="SeleniumLibrary">
<doc>Types the given ``text`` into the text field identified by ``locator``.</doc>
<arguments>
<arg>email_create</arg>
<arg>${email}</arg>
</arguments>
<msg timestamp="20200409 10:09:42.571" level="INFO">Typing text 'amysmith@powers-brown.com' into text field 'email_create'.</msg>
<status status="PASS" starttime="20200409 10:09:42.571" endtime="20200409 10:09:43.257"></status>
</kw>
<kw name="Capture Page Screenshot" library="SeleniumLibrary">
<doc>Takes a screenshot of the current page and embeds it into a log file.</doc>
<msg timestamp="20200409 10:09:43.582" level="INFO" html="yes">&lt;/td&gt;&lt;/tr&gt;&lt;tr&gt;&lt;td colspan="3"&gt;&lt;a href="selenium-screenshot-1.png"&gt;&lt;img src="selenium-screenshot-1.png" width="800px"&gt;&lt;/a&gt;</msg>
<status status="PASS" starttime="20200409 10:09:43.257" endtime="20200409 10:09:43.582"></status>
</kw>
<kw name="Click Element" library="SeleniumLibrary">
<doc>Click the element identified by ``locator``.</doc>
<arguments>
<arg>id:SubmitCreate</arg>
</arguments>
<msg timestamp="20200409 10:09:43.582" level="INFO">Clicking element 'id:SubmitCreate'.</msg>
<status status="PASS" starttime="20200409 10:09:43.582" endtime="20200409 10:09:43.685"></status>
</kw>
<kw name="Sleep" library="BuiltIn">
<doc>Pauses the test executed for the given time.</doc>
<arguments>
<arg>3</arg>
</arguments>
<msg timestamp="20200409 10:09:46.685" level="INFO">Slept 3 seconds</msg>
<status status="PASS" starttime="20200409 10:09:43.685" endtime="20200409 10:09:46.686"></status>
</kw>
<kw name="Capture Page Screenshot" library="SeleniumLibrary">
<doc>Takes a screenshot of the current page and embeds it into a log file.</doc>
<msg timestamp="20200409 10:09:47.004" level="INFO" html="yes">&lt;/td&gt;&lt;/tr&gt;&lt;tr&gt;&lt;td colspan="3"&gt;&lt;a href="selenium-screenshot-2.png"&gt;&lt;img src="selenium-screenshot-2.png" width="800px"&gt;&lt;/a&gt;</msg>
<status status="PASS" starttime="20200409 10:09:46.686" endtime="20200409 10:09:47.004"></status>
</kw>
<kw name="Select Radio Button" library="SeleniumLibrary">
<doc>Sets the radio button group ``group_name`` to ``value``.</doc>
<arguments>
<arg>id_gender</arg>
<arg>id_gender1</arg>
</arguments>
<msg timestamp="20200409 10:09:47.004" level="INFO">Selecting 'id_gender1' from radio button 'id_gender'.</msg>
<status status="PASS" starttime="20200409 10:09:47.004" endtime="20200409 10:09:47.099"></status>
</kw>
<kw name="Input Text" library="SeleniumLibrary">
<doc>Types the given ``text`` into the text field identified by ``locator``.</doc>
<arguments>
<arg>customer_firstname</arg>
<arg>${first_name}</arg>
</arguments>
<msg timestamp="20200409 10:09:47.101" level="INFO">Typing text 'Tammy' into text field 'customer_firstname'.</msg>
<status status="PASS" starttime="20200409 10:09:47.100" endtime="20200409 10:09:47.278"></status>
</kw>
<kw name="Input Text" library="SeleniumLibrary">
<doc>Types the given ``text`` into the text field identified by ``locator``.</doc>
<arguments>
<arg>customer_lastname</arg>
<arg>${last_name}</arg>
</arguments>
<msg timestamp="20200409 10:09:47.279" level="INFO">Typing text 'Davis' into text field 'customer_lastname'.</msg>
<status status="PASS" starttime="20200409 10:09:47.278" endtime="20200409 10:09:47.422"></status>
</kw>
<kw name="Input Text" library="SeleniumLibrary">
<doc>Types the given ``text`` into the text field identified by ``locator``.</doc>
<arguments>
<arg>passwd</arg>
<arg>123456</arg>
</arguments>
<msg timestamp="20200409 10:09:47.422" level="INFO">Typing text '123456' into text field 'passwd'.</msg>
<status status="PASS" starttime="20200409 10:09:47.422" endtime="20200409 10:09:47.582"></status>
</kw>
<kw name="Capture Page Screenshot" library="SeleniumLibrary">
<doc>Takes a screenshot of the current page and embeds it into a log file.</doc>
<msg timestamp="20200409 10:09:47.886" level="INFO" html="yes">&lt;/td&gt;&lt;/tr&gt;&lt;tr&gt;&lt;td colspan="3"&gt;&lt;a href="selenium-screenshot-3.png"&gt;&lt;img src="selenium-screenshot-3.png" width="800px"&gt;&lt;/a&gt;</msg>
<status status="PASS" starttime="20200409 10:09:47.582" endtime="20200409 10:09:47.887"></status>
</kw>
<kw name="Input Text" library="SeleniumLibrary">
<doc>Types the given ``text`` into the text field identified by ``locator``.</doc>
<arguments>
<arg>address1</arg>
<arg>${address}</arg>
</arguments>
<msg timestamp="20200409 10:09:47.887" level="INFO">Typing text '0184 Makayla Field Suite 151' into text field 'address1'.</msg>
<status status="PASS" starttime="20200409 10:09:47.887" endtime="20200409 10:09:48.316"></status>
</kw>
<kw name="Capture Page Screenshot" library="SeleniumLibrary">
<doc>Takes a screenshot of the current page and embeds it into a log file.</doc>
<msg timestamp="20200409 10:09:48.618" level="INFO" html="yes">&lt;/td&gt;&lt;/tr&gt;&lt;tr&gt;&lt;td colspan="3"&gt;&lt;a href="selenium-screenshot-4.png"&gt;&lt;img src="selenium-screenshot-4.png" width="800px"&gt;&lt;/a&gt;</msg>
<status status="PASS" starttime="20200409 10:09:48.316" endtime="20200409 10:09:48.619"></status>
</kw>
<kw name="Input Text" library="SeleniumLibrary">
<doc>Types the given ``text`` into the text field identified by ``locator``.</doc>
<arguments>
<arg>city</arg>
<arg>${city}</arg>
</arguments>
<msg timestamp="20200409 10:09:48.619" level="INFO">Typing text 'Sabrinaland' into text field 'city'.</msg>
<status status="PASS" starttime="20200409 10:09:48.619" endtime="20200409 10:09:48.956"></status>
</kw>
<kw name="Select From List By Label" library="SeleniumLibrary">
<doc>Selects options from selection list ``locator`` by ``labels``.</doc>
<arguments>
<arg>id_state</arg>
<arg>Indiana</arg>
</arguments>
<msg timestamp="20200409 10:09:48.959" level="INFO">Selecting options from selection list 'id_state' by label Indiana.</msg>
<status status="PASS" starttime="20200409 10:09:48.957" endtime="20200409 10:09:49.116"></status>
</kw>
<kw name="Capture Page Screenshot" library="SeleniumLibrary">
<doc>Takes a screenshot of the current page and embeds it into a log file.</doc>
<msg timestamp="20200409 10:09:49.415" level="INFO" html="yes">&lt;/td&gt;&lt;/tr&gt;&lt;tr&gt;&lt;td colspan="3"&gt;&lt;a href="selenium-screenshot-5.png"&gt;&lt;img src="selenium-screenshot-5.png" width="800px"&gt;&lt;/a&gt;</msg>
<status status="PASS" starttime="20200409 10:09:49.116" endtime="20200409 10:09:49.416"></status>
</kw>
<kw name="Input Text" library="SeleniumLibrary">
<doc>Types the given ``text`` into the text field identified by ``locator``.</doc>
<arguments>
<arg>postcode</arg>
<arg>${zipcode}</arg>
</arguments>
<msg timestamp="20200409 10:09:49.416" level="INFO">Typing text '68270' into text field 'postcode'.</msg>
<status status="PASS" starttime="20200409 10:09:49.416" endtime="20200409 10:09:49.585"></status>
</kw>
<kw name="Select From List By Value" library="SeleniumLibrary">
<doc>Selects options from selection list ``locator`` by ``values``.</doc>
<arguments>
<arg>id_country</arg>
<arg>21</arg>
</arguments>
<msg timestamp="20200409 10:09:49.586" level="INFO">Selecting options from selection list 'id_country' by value 21.</msg>
<status status="PASS" starttime="20200409 10:09:49.586" endtime="20200409 10:09:49.658"></status>
</kw>
<kw name="Capture Page Screenshot" library="SeleniumLibrary">
<doc>Takes a screenshot of the current page and embeds it into a log file.</doc>
<msg timestamp="20200409 10:09:49.972" level="INFO" html="yes">&lt;/td&gt;&lt;/tr&gt;&lt;tr&gt;&lt;td colspan="3"&gt;&lt;a href="selenium-screenshot-6.png"&gt;&lt;img src="selenium-screenshot-6.png" width="800px"&gt;&lt;/a&gt;</msg>
<status status="PASS" starttime="20200409 10:09:49.658" endtime="20200409 10:09:49.972"></status>
</kw>
<kw name="Input Text" library="SeleniumLibrary">
<doc>Types the given ``text`` into the text field identified by ``locator``.</doc>
<arguments>
<arg>phone_mobile</arg>
<arg>${phone_number}</arg>
</arguments>
<msg timestamp="20200409 10:09:49.972" level="INFO">Typing text '+52-5724-8734' into text field 'phone_mobile'.</msg>
<status status="PASS" starttime="20200409 10:09:49.972" endtime="20200409 10:09:50.227"></status>
</kw>
<kw name="Capture Page Screenshot" library="SeleniumLibrary">
<doc>Takes a screenshot of the current page and embeds it into a log file.</doc>
<msg timestamp="20200409 10:09:50.516" level="INFO" html="yes">&lt;/td&gt;&lt;/tr&gt;&lt;tr&gt;&lt;td colspan="3"&gt;&lt;a href="selenium-screenshot-7.png"&gt;&lt;img src="selenium-screenshot-7.png" width="800px"&gt;&lt;/a&gt;</msg>
<status status="PASS" starttime="20200409 10:09:50.227" endtime="20200409 10:09:50.516"></status>
</kw>
<kw name="Click Element" library="SeleniumLibrary">
<doc>Click the element identified by ``locator``.</doc>
<arguments>
<arg>id:submitAccount</arg>
</arguments>
<msg timestamp="20200409 10:09:50.517" level="INFO">Clicking element 'id:submitAccount'.</msg>
<status status="PASS" starttime="20200409 10:09:50.516" endtime="20200409 10:09:52.940"></status>
</kw>
<kw name="Capture Page Screenshot" library="SeleniumLibrary">
<doc>Takes a screenshot of the current page and embeds it into a log file.</doc>
<msg timestamp="20200409 10:09:53.461" level="INFO" html="yes">&lt;/td&gt;&lt;/tr&gt;&lt;tr&gt;&lt;td colspan="3"&gt;&lt;a href="selenium-screenshot-8.png"&gt;&lt;img src="selenium-screenshot-8.png" width="800px"&gt;&lt;/a&gt;</msg>
<status status="PASS" starttime="20200409 10:09:52.941" endtime="20200409 10:09:53.461"></status>
</kw>
<kw name="Click Element" library="SeleniumLibrary">
<doc>Click the element identified by ``locator``.</doc>
<arguments>
<arg>class:logout</arg>
</arguments>
<msg timestamp="20200409 10:09:53.462" level="INFO">Clicking element 'class:logout'.</msg>
<status status="PASS" starttime="20200409 10:09:53.462" endtime="20200409 10:09:56.070"></status>
</kw>
<kw name="Capture Page Screenshot" library="SeleniumLibrary">
<doc>Takes a screenshot of the current page and embeds it into a log file.</doc>
<msg timestamp="20200409 10:09:56.415" level="INFO" html="yes">&lt;/td&gt;&lt;/tr&gt;&lt;tr&gt;&lt;td colspan="3"&gt;&lt;a href="selenium-screenshot-9.png"&gt;&lt;img src="selenium-screenshot-9.png" width="800px"&gt;&lt;/a&gt;</msg>
<status status="PASS" starttime="20200409 10:09:56.070" endtime="20200409 10:09:56.415"></status>
</kw>
<status status="PASS" starttime="20200409 10:09:40.251" endtime="20200409 10:09:56.415"></status>
</kw>
<kw name="Pesquisar produto" library="pesquisa">
<kw name="Go To" library="SeleniumLibrary">
<doc>Navigates the current browser window to the provided ``url``.</doc>
<arguments>
<arg>${url}</arg>
</arguments>
<msg timestamp="20200409 10:09:56.417" level="INFO">Opening url 'http://automationpractice.com'</msg>
<status status="PASS" starttime="20200409 10:09:56.417" endtime="20200409 10:09:58.720"></status>
</kw>
<kw name="Input Text" library="SeleniumLibrary">
<doc>Types the given ``text`` into the text field identified by ``locator``.</doc>
<arguments>
<arg>id:search_query_top</arg>
<arg>blouse</arg>
</arguments>
<msg timestamp="20200409 10:09:58.720" level="INFO">Typing text 'blouse' into text field 'id:search_query_top'.</msg>
<status status="PASS" starttime="20200409 10:09:58.720" endtime="20200409 10:09:58.980"></status>
</kw>
<kw name="Click Element" library="SeleniumLibrary">
<doc>Click the element identified by ``locator``.</doc>
<arguments>
<arg>class:button-search</arg>
</arguments>
<msg timestamp="20200409 10:09:58.980" level="INFO">Clicking element 'class:button-search'.</msg>
<status status="PASS" starttime="20200409 10:09:58.980" endtime="20200409 10:10:00.584"></status>
</kw>
<kw name="Page Should Contain" library="SeleniumLibrary">
<doc>Verifies that current page contains ``text``.</doc>
<arguments>
<arg>Blouse</arg>
</arguments>
<msg timestamp="20200409 10:10:01.211" level="INFO">Current page contains text 'Blouse'.</msg>
<status status="PASS" starttime="20200409 10:10:00.585" endtime="20200409 10:10:01.211"></status>
</kw>
<kw name="Sleep" library="BuiltIn">
<doc>Pauses the test executed for the given time.</doc>
<arguments>
<arg>3</arg>
</arguments>
<msg timestamp="20200409 10:10:04.214" level="INFO">Slept 3 seconds</msg>
<status status="PASS" starttime="20200409 10:10:01.211" endtime="20200409 10:10:04.214"></status>
</kw>
<status status="PASS" starttime="20200409 10:09:56.417" endtime="20200409 10:10:04.215"></status>
</kw>
<kw name="Pesquisar produto inexitente" library="pesquisa">
<tags>
<tag>produto_nao_cadastrado</tag>
</tags>
<kw name="Go To" library="SeleniumLibrary">
<doc>Navigates the current browser window to the provided ``url``.</doc>
<arguments>
<arg>${url}</arg>
</arguments>
<msg timestamp="20200409 10:10:04.219" level="INFO">Opening url 'http://automationpractice.com'</msg>
<status status="PASS" starttime="20200409 10:10:04.218" endtime="20200409 10:10:06.802"></status>
</kw>
<kw name="Input Text" library="SeleniumLibrary">
<doc>Types the given ``text`` into the text field identified by ``locator``.</doc>
<arguments>
<arg>id:search_query_top</arg>
<arg>blousi</arg>
</arguments>
<msg timestamp="20200409 10:10:06.802" level="INFO">Typing text 'blousi' into text field 'id:search_query_top'.</msg>
<status status="PASS" starttime="20200409 10:10:06.802" endtime="20200409 10:10:07.198"></status>
</kw>
<kw name="Click Element" library="SeleniumLibrary">
<doc>Click the element identified by ``locator``.</doc>
<arguments>
<arg>class:button-search</arg>
</arguments>
<msg timestamp="20200409 10:10:07.199" level="INFO">Clicking element 'class:button-search'.</msg>
<status status="PASS" starttime="20200409 10:10:07.198" endtime="20200409 10:10:08.392"></status>
</kw>
<kw name="Get WebElement" library="SeleniumLibrary">
<doc>Returns the first WebElement matching the given ``locator``.</doc>
<arguments>
<arg>class:alert-warning</arg>
</arguments>
<assign>
<var>${message}</var>
</assign>
<msg timestamp="20200409 10:10:08.454" level="INFO">${message} = &lt;selenium.webdriver.remote.webelement.WebElement (session="a231afde1511de544956a38788c67ff9", element="58366610-341e-4a6f-8e0b-e2c6db0bfab5")&gt;</msg>
<status status="PASS" starttime="20200409 10:10:08.392" endtime="20200409 10:10:08.454"></status>
</kw>
<kw name="Should Contain" library="BuiltIn">
<doc>Fails if ``container`` does not contain ``item`` one or more times.</doc>
<arguments>
<arg>${message.text}</arg>
<arg>No results were found for your search "blousi"</arg>
</arguments>
<status status="PASS" starttime="20200409 10:10:08.455" endtime="20200409 10:10:08.473"></status>
</kw>
<kw name="Sleep" library="BuiltIn">
<doc>Pauses the test executed for the given time.</doc>
<arguments>
<arg>3</arg>
</arguments>
<msg timestamp="20200409 10:10:11.476" level="INFO">Slept 3 seconds</msg>
<status status="PASS" starttime="20200409 10:10:08.474" endtime="20200409 10:10:11.477"></status>
</kw>
<status status="PASS" starttime="20200409 10:10:04.217" endtime="20200409 10:10:11.477"></status>
</kw>
<kw name="Realizar Login" library="realizar_login">
<kw name="Capture Page Screenshot" library="SeleniumLibrary">
<doc>Takes a screenshot of the current page and embeds it into a log file.</doc>
<msg timestamp="20200409 10:10:11.808" level="INFO" html="yes">&lt;/td&gt;&lt;/tr&gt;&lt;tr&gt;&lt;td colspan="3"&gt;&lt;a href="selenium-screenshot-10.png"&gt;&lt;img src="selenium-screenshot-10.png" width="800px"&gt;&lt;/a&gt;</msg>
<status status="PASS" starttime="20200409 10:10:11.481" endtime="20200409 10:10:11.808"></status>
</kw>
<kw name="Click Element" library="SeleniumLibrary">
<doc>Click the element identified by ``locator``.</doc>
<arguments>
<arg>class:login</arg>
</arguments>
<msg timestamp="20200409 10:10:11.809" level="INFO">Clicking element 'class:login'.</msg>
<status status="PASS" starttime="20200409 10:10:11.808" endtime="20200409 10:10:14.249"></status>
</kw>
<kw name="Sleep" library="BuiltIn">
<doc>Pauses the test executed for the given time.</doc>
<arguments>
<arg>2</arg>
</arguments>
<msg timestamp="20200409 10:10:16.252" level="INFO">Slept 2 seconds</msg>
<status status="PASS" starttime="20200409 10:10:14.250" endtime="20200409 10:10:16.252"></status>
</kw>
<kw name="Capture Page Screenshot" library="SeleniumLibrary">
<doc>Takes a screenshot of the current page and embeds it into a log file.</doc>
<msg timestamp="20200409 10:10:16.546" level="INFO" html="yes">&lt;/td&gt;&lt;/tr&gt;&lt;tr&gt;&lt;td colspan="3"&gt;&lt;a href="selenium-screenshot-11.png"&gt;&lt;img src="selenium-screenshot-11.png" width="800px"&gt;&lt;/a&gt;</msg>
<status status="PASS" starttime="20200409 10:10:16.252" endtime="20200409 10:10:16.546"></status>
</kw>
<kw name="Page Should Contain" library="SeleniumLibrary">
<doc>Verifies that current page contains ``text``.</doc>
<arguments>
<arg>Already registered?</arg>
</arguments>
<msg timestamp="20200409 10:10:16.571" level="INFO">Current page contains text 'Already registered?'.</msg>
<status status="PASS" starttime="20200409 10:10:16.547" endtime="20200409 10:10:16.571"></status>
</kw>
<kw name="Input Text" library="SeleniumLibrary">
<doc>Types the given ``text`` into the text field identified by ``locator``.</doc>
<arguments>
<arg>email</arg>
<arg>rotot.test@teste.com</arg>
</arguments>
<msg timestamp="20200409 10:10:16.572" level="INFO">Typing text 'rotot.test@teste.com' into text field 'email'.</msg>
<status status="PASS" starttime="20200409 10:10:16.572" endtime="20200409 10:10:17.198"></status>
</kw>
<kw name="Input Text" library="SeleniumLibrary">
<doc>Types the given ``text`` into the text field identified by ``locator``.</doc>
<arguments>
<arg>passwd</arg>
<arg>123456</arg>
</arguments>
<msg timestamp="20200409 10:10:17.198" level="INFO">Typing text '123456' into text field 'passwd'.</msg>
<status status="PASS" starttime="20200409 10:10:17.198" endtime="20200409 10:10:17.397"></status>
</kw>
<kw name="Capture Page Screenshot" library="SeleniumLibrary">
<doc>Takes a screenshot of the current page and embeds it into a log file.</doc>
<msg timestamp="20200409 10:10:17.743" level="INFO" html="yes">&lt;/td&gt;&lt;/tr&gt;&lt;tr&gt;&lt;td colspan="3"&gt;&lt;a href="selenium-screenshot-12.png"&gt;&lt;img src="selenium-screenshot-12.png" width="800px"&gt;&lt;/a&gt;</msg>
<status status="PASS" starttime="20200409 10:10:17.397" endtime="20200409 10:10:17.744"></status>
</kw>
<kw name="Click Element" library="SeleniumLibrary">
<doc>Click the element identified by ``locator``.</doc>
<arguments>
<arg>id:SubmitLogin</arg>
</arguments>
<msg timestamp="20200409 10:10:17.745" level="INFO">Clicking element 'id:SubmitLogin'.</msg>
<status status="PASS" starttime="20200409 10:10:17.744" endtime="20200409 10:10:19.913"></status>
</kw>
<kw name="Sleep" library="BuiltIn">
<doc>Pauses the test executed for the given time.</doc>
<arguments>
<arg>3</arg>
</arguments>
<msg timestamp="20200409 10:10:22.915" level="INFO">Slept 3 seconds</msg>
<status status="PASS" starttime="20200409 10:10:19.913" endtime="20200409 10:10:22.915"></status>
</kw>
<kw name="Page Should Contain" library="SeleniumLibrary">
<doc>Verifies that current page contains ``text``.</doc>
<arguments>
<arg>My account</arg>
</arguments>
<msg timestamp="20200409 10:10:22.941" level="INFO">Current page contains text 'My account'.</msg>
<status status="PASS" starttime="20200409 10:10:22.915" endtime="20200409 10:10:22.942"></status>
</kw>
<status status="PASS" starttime="20200409 10:10:11.478" endtime="20200409 10:10:22.942"></status>
</kw>
<kw name="Adiciona produto no carrinho" library="realizar_compra">
<kw name="Click Element" library="SeleniumLibrary">
<doc>Click the element identified by ``locator``.</doc>
<arguments>
<arg>css=a[title="Women"]</arg>
</arguments>
<msg timestamp="20200409 10:10:22.944" level="INFO">Clicking element 'css=a[title="Women"]'.</msg>
<status status="PASS" starttime="20200409 10:10:22.943" endtime="20200409 10:10:26.794"></status>
</kw>
<kw name="Page Should Contain" library="SeleniumLibrary">
<doc>Verifies that current page contains ``text``.</doc>
<arguments>
<arg>Women</arg>
</arguments>
<msg timestamp="20200409 10:10:26.825" level="INFO">Current page contains text 'Women'.</msg>
<status status="PASS" starttime="20200409 10:10:26.794" endtime="20200409 10:10:26.825"></status>
</kw>
<kw name="Sleep" library="BuiltIn">
<doc>Pauses the test executed for the given time.</doc>
<arguments>
<arg>2</arg>
</arguments>
<msg timestamp="20200409 10:10:28.828" level="INFO">Slept 2 seconds</msg>
<status status="PASS" starttime="20200409 10:10:26.826" endtime="20200409 10:10:28.828"></status>
</kw>
<kw name="Click Element" library="SeleniumLibrary">
<doc>Click the element identified by ``locator``.</doc>
<arguments>
<arg>css=a[data-id-product="1"]</arg>
</arguments>
<msg timestamp="20200409 10:10:28.829" level="INFO">Clicking element 'css=a[data-id-product="1"]'.</msg>
<status status="PASS" starttime="20200409 10:10:28.828" endtime="20200409 10:10:29.050"></status>
</kw>
<kw name="Capture Page Screenshot" library="SeleniumLibrary">
<doc>Takes a screenshot of the current page and embeds it into a log file.</doc>
<msg timestamp="20200409 10:10:29.390" level="INFO" html="yes">&lt;/td&gt;&lt;/tr&gt;&lt;tr&gt;&lt;td colspan="3"&gt;&lt;a href="selenium-screenshot-13.png"&gt;&lt;img src="selenium-screenshot-13.png" width="800px"&gt;&lt;/a&gt;</msg>
<status status="PASS" starttime="20200409 10:10:29.052" endtime="20200409 10:10:29.390"></status>
</kw>
<kw name="Sleep" library="BuiltIn">
<doc>Pauses the test executed for the given time.</doc>
<arguments>
<arg>3</arg>
</arguments>
<msg timestamp="20200409 10:10:32.392" level="INFO">Slept 3 seconds</msg>
<status status="PASS" starttime="20200409 10:10:29.390" endtime="20200409 10:10:32.392"></status>
</kw>
<kw name="Page Should Contain" library="SeleniumLibrary">
<doc>Verifies that current page contains ``text``.</doc>
<arguments>
<arg>Product successfully added to your shopping cart</arg>
</arguments>
<msg timestamp="20200409 10:10:32.418" level="INFO">Current page contains text 'Product successfully added to your shopping cart'.</msg>
<status status="PASS" starttime="20200409 10:10:32.392" endtime="20200409 10:10:32.418"></status>
</kw>
<kw name="Click Element" library="SeleniumLibrary">
<doc>Click the element identified by ``locator``.</doc>
<arguments>
<arg>css=span[title="Continue shopping"]</arg>
</arguments>
<msg timestamp="20200409 10:10:32.419" level="INFO">Clicking element 'css=span[title="Continue shopping"]'.</msg>
<status status="PASS" starttime="20200409 10:10:32.418" endtime="20200409 10:10:32.498"></status>
</kw>
<kw name="Capture Page Screenshot" library="SeleniumLibrary">
<doc>Takes a screenshot of the current page and embeds it into a log file.</doc>
<msg timestamp="20200409 10:10:32.857" level="INFO" html="yes">&lt;/td&gt;&lt;/tr&gt;&lt;tr&gt;&lt;td colspan="3"&gt;&lt;a href="selenium-screenshot-14.png"&gt;&lt;img src="selenium-screenshot-14.png" width="800px"&gt;&lt;/a&gt;</msg>
<status status="PASS" starttime="20200409 10:10:32.498" endtime="20200409 10:10:32.857"></status>
</kw>
<kw name="Sleep" library="BuiltIn">
<doc>Pauses the test executed for the given time.</doc>
<arguments>
<arg>5</arg>
</arguments>
<msg timestamp="20200409 10:10:37.859" level="INFO">Slept 5 seconds</msg>
<status status="PASS" starttime="20200409 10:10:32.857" endtime="20200409 10:10:37.859"></status>
</kw>
<kw name="Click Element" library="SeleniumLibrary">
<doc>Click the element identified by ``locator``.</doc>
<arguments>
<arg>css=#block_top_menu &gt; ul &gt; li:nth-child(3) &gt; a</arg>
</arguments>
<msg timestamp="20200409 10:10:37.860" level="INFO">Clicking element 'css=#block_top_menu &gt; ul &gt; li:nth-child(3) &gt; a'.</msg>
<status status="PASS" starttime="20200409 10:10:37.859" endtime="20200409 10:10:40.426"></status>
</kw>
<kw name="Capture Page Screenshot" library="SeleniumLibrary">
<doc>Takes a screenshot of the current page and embeds it into a log file.</doc>
<msg timestamp="20200409 10:10:40.792" level="INFO" html="yes">&lt;/td&gt;&lt;/tr&gt;&lt;tr&gt;&lt;td colspan="3"&gt;&lt;a href="selenium-screenshot-15.png"&gt;&lt;img src="selenium-screenshot-15.png" width="800px"&gt;&lt;/a&gt;</msg>
<status status="PASS" starttime="20200409 10:10:40.426" endtime="20200409 10:10:40.792"></status>
</kw>
<kw name="Sleep" library="BuiltIn">
<doc>Pauses the test executed for the given time.</doc>
<arguments>
<arg>3</arg>
</arguments>
<msg timestamp="20200409 10:10:43.794" level="INFO">Slept 3 seconds</msg>
<status status="PASS" starttime="20200409 10:10:40.793" endtime="20200409 10:10:43.794"></status>
</kw>
<kw name="Click Element" library="SeleniumLibrary">
<doc>Click the element identified by ``locator``.</doc>
<arguments>
<arg>css=a[style="background:#5D9CEC;"]</arg>
</arguments>
<msg timestamp="20200409 10:10:43.795" level="INFO">Clicking element 'css=a[style="background:#5D9CEC;"]'.</msg>
<status status="PASS" starttime="20200409 10:10:43.794" endtime="20200409 10:10:46.779"></status>
</kw>
<kw name="Capture Page Screenshot" library="SeleniumLibrary">
<doc>Takes a screenshot of the current page and embeds it into a log file.</doc>
<msg timestamp="20200409 10:10:47.119" level="INFO" html="yes">&lt;/td&gt;&lt;/tr&gt;&lt;tr&gt;&lt;td colspan="3"&gt;&lt;a href="selenium-screenshot-16.png"&gt;&lt;img src="selenium-screenshot-16.png" width="800px"&gt;&lt;/a&gt;</msg>
<status status="PASS" starttime="20200409 10:10:46.779" endtime="20200409 10:10:47.119"></status>
</kw>
<kw name="Sleep" library="BuiltIn">
<doc>Pauses the test executed for the given time.</doc>
<arguments>
<arg>3</arg>
</arguments>
<msg timestamp="20200409 10:10:50.120" level="INFO">Slept 3 seconds</msg>
<status status="PASS" starttime="20200409 10:10:47.119" endtime="20200409 10:10:50.120"></status>
</kw>
<kw name="Page Should Contain" library="SeleniumLibrary">
<doc>Verifies that current page contains ``text``.</doc>
<arguments>
<arg>Faded Short Sleeve T-shirts</arg>
</arguments>
<msg timestamp="20200409 10:10:50.178" level="INFO">Current page contains text 'Faded Short Sleeve T-shirts'.</msg>
<status status="PASS" starttime="20200409 10:10:50.121" endtime="20200409 10:10:50.179"></status>
</kw>
<kw name="Click Element" library="SeleniumLibrary">
<doc>Click the element identified by ``locator``.</doc>
<arguments>
<arg>class:product_quantity_up</arg>
</arguments>
<msg timestamp="20200409 10:10:50.180" level="INFO">Clicking element 'class:product_quantity_up'.</msg>
<status status="PASS" starttime="20200409 10:10:50.179" endtime="20200409 10:10:50.277"></status>
</kw>
<kw name="Capture Page Screenshot" library="SeleniumLibrary">
<doc>Takes a screenshot of the current page and embeds it into a log file.</doc>
<msg timestamp="20200409 10:10:50.590" level="INFO" html="yes">&lt;/td&gt;&lt;/tr&gt;&lt;tr&gt;&lt;td colspan="3"&gt;&lt;a href="selenium-screenshot-17.png"&gt;&lt;img src="selenium-screenshot-17.png" width="800px"&gt;&lt;/a&gt;</msg>
<status status="PASS" starttime="20200409 10:10:50.278" endtime="20200409 10:10:50.590"></status>
</kw>
<kw name="Click Button" library="SeleniumLibrary">
<doc>Clicks the button identified by ``locator``.</doc>
<arguments>
<arg>name:Submit</arg>
</arguments>
<msg timestamp="20200409 10:10:50.590" level="INFO">Clicking button 'name:Submit'.</msg>
<status status="PASS" starttime="20200409 10:10:50.590" endtime="20200409 10:10:50.717"></status>
</kw>
<kw name="Capture Page Screenshot" library="SeleniumLibrary">
<doc>Takes a screenshot of the current page and embeds it into a log file.</doc>
<msg timestamp="20200409 10:10:51.100" level="INFO" html="yes">&lt;/td&gt;&lt;/tr&gt;&lt;tr&gt;&lt;td colspan="3"&gt;&lt;a href="selenium-screenshot-18.png"&gt;&lt;img src="selenium-screenshot-18.png" width="800px"&gt;&lt;/a&gt;</msg>
<status status="PASS" starttime="20200409 10:10:50.717" endtime="20200409 10:10:51.100"></status>
</kw>
<kw name="Sleep" library="BuiltIn">
<doc>Pauses the test executed for the given time.</doc>
<arguments>
<arg>3</arg>
</arguments>
<msg timestamp="20200409 10:10:54.102" level="INFO">Slept 3 seconds</msg>
<status status="PASS" starttime="20200409 10:10:51.101" endtime="20200409 10:10:54.102"></status>
</kw>
<kw name="Click Element" library="SeleniumLibrary">
<doc>Click the element identified by ``locator``.</doc>
<arguments>
<arg>css=a[title="Proceed to checkout"]</arg>
</arguments>
<msg timestamp="20200409 10:10:54.103" level="INFO">Clicking element 'css=a[title="Proceed to checkout"]'.</msg>
<status status="PASS" starttime="20200409 10:10:54.103" endtime="20200409 10:10:56.296"></status>
</kw>
<kw name="Capture Page Screenshot" library="SeleniumLibrary">
<doc>Takes a screenshot of the current page and embeds it into a log file.</doc>
<msg timestamp="20200409 10:10:56.699" level="INFO" html="yes">&lt;/td&gt;&lt;/tr&gt;&lt;tr&gt;&lt;td colspan="3"&gt;&lt;a href="selenium-screenshot-19.png"&gt;&lt;img src="selenium-screenshot-19.png" width="800px"&gt;&lt;/a&gt;</msg>
<status status="PASS" starttime="20200409 10:10:56.296" endtime="20200409 10:10:56.699"></status>
</kw>
<kw name="Open Context Menu" library="SeleniumLibrary">
<doc>Opens the context menu on the element identified by ``locator``.</doc>
<arguments>
<arg>css=#block_top_menu &gt; ul &gt; li:nth-child(2) &gt; a</arg>
</arguments>
<status status="PASS" starttime="20200409 10:10:56.699" endtime="20200409 10:10:57.009"></status>
</kw>
<kw name="Capture Page Screenshot" library="SeleniumLibrary">
<doc>Takes a screenshot of the current page and embeds it into a log file.</doc>
<msg timestamp="20200409 10:10:57.320" level="INFO" html="yes">&lt;/td&gt;&lt;/tr&gt;&lt;tr&gt;&lt;td colspan="3"&gt;&lt;a href="selenium-screenshot-20.png"&gt;&lt;img src="selenium-screenshot-20.png" width="800px"&gt;&lt;/a&gt;</msg>
<status status="PASS" starttime="20200409 10:10:57.009" endtime="20200409 10:10:57.320"></status>
</kw>
<kw name="Click Element" library="SeleniumLibrary">
<doc>Click the element identified by ``locator``.</doc>
<arguments>
<arg>css=#block_top_menu &gt; ul &gt; li:nth-child(2) &gt; ul &gt; li:nth-child(2) &gt; a</arg>
</arguments>
<msg timestamp="20200409 10:10:57.320" level="INFO">Clicking element 'css=#block_top_menu &gt; ul &gt; li:nth-child(2) &gt; ul &gt; li:nth-child(2) &gt; a'.</msg>
<status status="PASS" starttime="20200409 10:10:57.320" endtime="20200409 10:10:59.089"></status>
</kw>
<kw name="Capture Page Screenshot" library="SeleniumLibrary">
<doc>Takes a screenshot of the current page and embeds it into a log file.</doc>
<msg timestamp="20200409 10:10:59.470" level="INFO" html="yes">&lt;/td&gt;&lt;/tr&gt;&lt;tr&gt;&lt;td colspan="3"&gt;&lt;a href="selenium-screenshot-21.png"&gt;&lt;img src="selenium-screenshot-21.png" width="800px"&gt;&lt;/a&gt;</msg>
<status status="PASS" starttime="20200409 10:10:59.090" endtime="20200409 10:10:59.470"></status>
</kw>
<kw name="Sleep" library="BuiltIn">
<doc>Pauses the test executed for the given time.</doc>
<arguments>
<arg>3</arg>
</arguments>
<msg timestamp="20200409 10:11:02.471" level="INFO">Slept 3 seconds</msg>
<status status="PASS" starttime="20200409 10:10:59.471" endtime="20200409 10:11:02.471"></status>
</kw>
<kw name="Click Element" library="SeleniumLibrary">
<doc>Click the element identified by ``locator``.</doc>
<arguments>
<arg>css=a[data-id-product="4"]</arg>
</arguments>
<msg timestamp="20200409 10:11:02.472" level="INFO">Clicking element 'css=a[data-id-product="4"]'.</msg>
<status status="PASS" starttime="20200409 10:11:02.471" endtime="20200409 10:11:02.602"></status>
</kw>
<kw name="Capture Page Screenshot" library="SeleniumLibrary">
<doc>Takes a screenshot of the current page and embeds it into a log file.</doc>
<msg timestamp="20200409 10:11:02.952" level="INFO" html="yes">&lt;/td&gt;&lt;/tr&gt;&lt;tr&gt;&lt;td colspan="3"&gt;&lt;a href="selenium-screenshot-22.png"&gt;&lt;img src="selenium-screenshot-22.png" width="800px"&gt;&lt;/a&gt;</msg>
<status status="PASS" starttime="20200409 10:11:02.603" endtime="20200409 10:11:02.952"></status>
</kw>
<kw name="Sleep" library="BuiltIn">
<doc>Pauses the test executed for the given time.</doc>
<arguments>
<arg>3</arg>
</arguments>
<msg timestamp="20200409 10:11:05.954" level="INFO">Slept 3 seconds</msg>
<status status="PASS" starttime="20200409 10:11:02.952" endtime="20200409 10:11:05.955"></status>
</kw>
<kw name="Click Element" library="SeleniumLibrary">
<doc>Click the element identified by ``locator``.</doc>
<arguments>
<arg>css=a[title="Proceed to checkout"]</arg>
</arguments>
<msg timestamp="20200409 10:11:05.956" level="INFO">Clicking element 'css=a[title="Proceed to checkout"]'.</msg>
<status status="PASS" starttime="20200409 10:11:05.956" endtime="20200409 10:11:07.560"></status>
</kw>
<kw name="Capture Page Screenshot" library="SeleniumLibrary">
<doc>Takes a screenshot of the current page and embeds it into a log file.</doc>
<msg timestamp="20200409 10:11:07.940" level="INFO" html="yes">&lt;/td&gt;&lt;/tr&gt;&lt;tr&gt;&lt;td colspan="3"&gt;&lt;a href="selenium-screenshot-23.png"&gt;&lt;img src="selenium-screenshot-23.png" width="800px"&gt;&lt;/a&gt;</msg>
<status status="PASS" starttime="20200409 10:11:07.560" endtime="20200409 10:11:07.940"></status>
</kw>
<kw name="Sleep" library="BuiltIn">
<doc>Pauses the test executed for the given time.</doc>
<arguments>
<arg>3</arg>
</arguments>
<msg timestamp="20200409 10:11:10.942" level="INFO">Slept 3 seconds</msg>
<status status="PASS" starttime="20200409 10:11:07.940" endtime="20200409 10:11:10.942"></status>
</kw>
<status status="PASS" starttime="20200409 10:10:22.943" endtime="20200409 10:11:10.943"></status>
</kw>
<kw name="Remover produto do carrinho" library="realizar_compra">
<kw name="Click Element" library="SeleniumLibrary">
<doc>Click the element identified by ``locator``.</doc>
<arguments>
<arg>id:1_1_0_295884</arg>
</arguments>
<msg timestamp="20200409 10:11:10.949" level="INFO">Clicking element 'id:1_1_0_295884'.</msg>
<status status="PASS" starttime="20200409 10:11:10.947" endtime="20200409 10:11:11.072"></status>
</kw>
<kw name="Capture Page Screenshot" library="SeleniumLibrary">
<doc>Takes a screenshot of the current page and embeds it into a log file.</doc>
<msg timestamp="20200409 10:11:11.386" level="INFO" html="yes">&lt;/td&gt;&lt;/tr&gt;&lt;tr&gt;&lt;td colspan="3"&gt;&lt;a href="selenium-screenshot-24.png"&gt;&lt;img src="selenium-screenshot-24.png" width="800px"&gt;&lt;/a&gt;</msg>
<status status="PASS" starttime="20200409 10:11:11.073" endtime="20200409 10:11:11.386"></status>
</kw>
<kw name="Click Element" library="SeleniumLibrary">
<doc>Click the element identified by ``locator``.</doc>
<arguments>
<arg>css=#center_column &gt; p.cart_navigation.clearfix &gt; a.button.btn.btn-default.standard-checkout.button-medium</arg>
</arguments>
<msg timestamp="20200409 10:11:11.386" level="INFO">Clicking element 'css=#center_column &gt; p.cart_navigation.clearfix &gt; a.button.btn.btn-default.standard-checkout.button-medium'.</msg>
<status status="PASS" starttime="20200409 10:11:11.386" endtime="20200409 10:11:13.816"></status>
</kw>
<kw name="Capture Page Screenshot" library="SeleniumLibrary">
<doc>Takes a screenshot of the current page and embeds it into a log file.</doc>
<msg timestamp="20200409 10:11:14.156" level="INFO" html="yes">&lt;/td&gt;&lt;/tr&gt;&lt;tr&gt;&lt;td colspan="3"&gt;&lt;a href="selenium-screenshot-25.png"&gt;&lt;img src="selenium-screenshot-25.png" width="800px"&gt;&lt;/a&gt;</msg>
<status status="PASS" starttime="20200409 10:11:13.816" endtime="20200409 10:11:14.156"></status>
</kw>
<kw name="Click Button" library="SeleniumLibrary">
<doc>Clicks the button identified by ``locator``.</doc>
<arguments>
<arg>name:processAddress</arg>
</arguments>
<msg timestamp="20200409 10:11:14.156" level="INFO">Clicking button 'name:processAddress'.</msg>
<status status="PASS" starttime="20200409 10:11:14.156" endtime="20200409 10:11:16.239"></status>
</kw>
<kw name="Capture Page Screenshot" library="SeleniumLibrary">
<doc>Takes a screenshot of the current page and embeds it into a log file.</doc>
<msg timestamp="20200409 10:11:16.602" level="INFO" html="yes">&lt;/td&gt;&lt;/tr&gt;&lt;tr&gt;&lt;td colspan="3"&gt;&lt;a href="selenium-screenshot-26.png"&gt;&lt;img src="selenium-screenshot-26.png" width="800px"&gt;&lt;/a&gt;</msg>
<status status="PASS" starttime="20200409 10:11:16.239" endtime="20200409 10:11:16.602"></status>
</kw>
<kw name="Select Checkbox" library="SeleniumLibrary">
<doc>Selects the checkbox identified by ``locator``.</doc>
<arguments>
<arg>css:input[value='1']</arg>
</arguments>
<msg timestamp="20200409 10:11:16.602" level="INFO">Selecting checkbox 'css:input[value='1']'.</msg>
<status status="PASS" starttime="20200409 10:11:16.602" endtime="20200409 10:11:16.744"></status>
</kw>
<kw name="Capture Page Screenshot" library="SeleniumLibrary">
<doc>Takes a screenshot of the current page and embeds it into a log file.</doc>
<msg timestamp="20200409 10:11:17.057" level="INFO" html="yes">&lt;/td&gt;&lt;/tr&gt;&lt;tr&gt;&lt;td colspan="3"&gt;&lt;a href="selenium-screenshot-27.png"&gt;&lt;img src="selenium-screenshot-27.png" width="800px"&gt;&lt;/a&gt;</msg>
<status status="PASS" starttime="20200409 10:11:16.744" endtime="20200409 10:11:17.057"></status>
</kw>
<kw name="Click Element" library="SeleniumLibrary">
<doc>Click the element identified by ``locator``.</doc>
<arguments>
<arg>css=#form &gt; p &gt; button</arg>
</arguments>
<msg timestamp="20200409 10:11:17.058" level="INFO">Clicking element 'css=#form &gt; p &gt; button'.</msg>
<status status="PASS" starttime="20200409 10:11:17.057" endtime="20200409 10:11:19.041"></status>
</kw>
<kw name="Capture Page Screenshot" library="SeleniumLibrary">
<doc>Takes a screenshot of the current page and embeds it into a log file.</doc>
<msg timestamp="20200409 10:11:19.365" level="INFO" html="yes">&lt;/td&gt;&lt;/tr&gt;&lt;tr&gt;&lt;td colspan="3"&gt;&lt;a href="selenium-screenshot-28.png"&gt;&lt;img src="selenium-screenshot-28.png" width="800px"&gt;&lt;/a&gt;</msg>
<status status="PASS" starttime="20200409 10:11:19.042" endtime="20200409 10:11:19.366"></status>
</kw>
<status status="PASS" starttime="20200409 10:11:10.946" endtime="20200409 10:11:19.366"></status>
</kw>
<kw name="Confirmar Pagamento" library="realizar_compra">
<kw name="Click Element" library="SeleniumLibrary">
<doc>Click the element identified by ``locator``.</doc>
<arguments>
<arg>css=a[title="Pay by bank wire"]</arg>
</arguments>
<msg timestamp="20200409 10:11:19.368" level="INFO">Clicking element 'css=a[title="Pay by bank wire"]'.</msg>
<status status="PASS" starttime="20200409 10:11:19.367" endtime="20200409 10:11:20.605"></status>
</kw>
<kw name="Page Should Contain" library="SeleniumLibrary">
<doc>Verifies that current page contains ``text``.</doc>
<arguments>
<arg>Bank-wire payment.</arg>
</arguments>
<msg timestamp="20200409 10:11:20.662" level="INFO">Current page contains text 'Bank-wire payment.'.</msg>
<status status="PASS" starttime="20200409 10:11:20.605" endtime="20200409 10:11:20.663"></status>
</kw>
<kw name="Capture Page Screenshot" library="SeleniumLibrary">
<doc>Takes a screenshot of the current page and embeds it into a log file.</doc>
<msg timestamp="20200409 10:11:20.992" level="INFO" html="yes">&lt;/td&gt;&lt;/tr&gt;&lt;tr&gt;&lt;td colspan="3"&gt;&lt;a href="selenium-screenshot-29.png"&gt;&lt;img src="selenium-screenshot-29.png" width="800px"&gt;&lt;/a&gt;</msg>
<status status="PASS" starttime="20200409 10:11:20.663" endtime="20200409 10:11:20.992"></status>
</kw>
<kw name="Click Element" library="SeleniumLibrary">
<doc>Click the element identified by ``locator``.</doc>
<arguments>
<arg>css=#cart_navigation &gt; button</arg>
</arguments>
<msg timestamp="20200409 10:11:20.994" level="INFO">Clicking element 'css=#cart_navigation &gt; button'.</msg>
<status status="PASS" starttime="20200409 10:11:20.993" endtime="20200409 10:11:23.108"></status>
</kw>
<kw name="Page Should Contain" library="SeleniumLibrary">
<doc>Verifies that current page contains ``text``.</doc>
<arguments>
<arg>Order confirmation</arg>
</arguments>
<msg timestamp="20200409 10:11:23.171" level="INFO">Current page contains text 'Order confirmation'.</msg>
<status status="PASS" starttime="20200409 10:11:23.108" endtime="20200409 10:11:23.171"></status>
</kw>
<status status="PASS" starttime="20200409 10:11:19.367" endtime="20200409 10:11:23.172"></status>
</kw>
<kw name="Encerra sessão" library="Resource" type="teardown">
<kw name="Capture Page Screenshot" library="SeleniumLibrary">
<doc>Takes a screenshot of the current page and embeds it into a log file.</doc>
<msg timestamp="20200409 10:11:23.511" level="INFO" html="yes">&lt;/td&gt;&lt;/tr&gt;&lt;tr&gt;&lt;td colspan="3"&gt;&lt;a href="selenium-screenshot-30.png"&gt;&lt;img src="selenium-screenshot-30.png" width="800px"&gt;&lt;/a&gt;</msg>
<status status="PASS" starttime="20200409 10:11:23.173" endtime="20200409 10:11:23.511"></status>
</kw>
<kw name="Close Browser" library="SeleniumLibrary">
<doc>Closes the current browser.</doc>
<status status="PASS" starttime="20200409 10:11:23.511" endtime="20200409 10:11:25.952"></status>
</kw>
<status status="PASS" starttime="20200409 10:11:23.172" endtime="20200409 10:11:25.952"></status>
</kw>
<status status="PASS" starttime="20200409 10:09:27.895" endtime="20200409 10:11:25.954" critical="yes"></status>
</test>
<status status="PASS" starttime="20200409 10:09:26.886" endtime="20200409 10:11:25.963"></status>
</suite>
<statistics>
<total>
<stat pass="1" fail="0">Critical Tests</stat>
<stat pass="1" fail="0">All Tests</stat>
</total>
<tag>
</tag>
<suite>
<stat pass="1" fail="0" id="s1" name="Automationpractice">Automationpractice</stat>
</suite>
</statistics>
<errors>
</errors>
</robot>
